#-----------------------------------------------------------
# Webtalk v2014.4 (64-bit)
# SW Build 1071353 on Tue Nov 18 17:18:21 MST 2014
# 
# Start of session at: Fri Apr 03 20:10:16 2020
# Process ID: 20200
# Log file: C:/Users/Jeon/Desktop/OpenSSD2-8C8W-16K_14.4/openssd-hynix-16k-prj-viv14_4/OpenSSD2.sdk/webtalk/webtalk.log
# Journal file: C:/Users/Jeon/Desktop/OpenSSD2-8C8W-16K_14.4/openssd-hynix-16k-prj-viv14_4/OpenSSD2.sdk/webtalk\webtalk.jou
#-----------------------------------------------------------
WARNING: [Common 17-204] Your XILINX environment variable is undefined. You will not be able to run Synthesis and Implementation using ISE based strategies, or import ngc netlists. Please set up your XILINX environment to get full functionality.
source sdk_webtalk.tcl
# webtalk_init -webtalk_dir C:\\Users\\Jeon\\Desktop\\OpenSSD2-8C8W-16K_14.4\\openssd-hynix-16k-prj-viv14_4\\OpenSSD2.sdk\\webtalk
# webtalk_register_client -client project
# webtalk_add_data -client project -key date_generated -value "±Ý 4¿ù 3 20:10:14 2020" -context "software_version_and_target_device"
# webtalk_add_data -client project -key product_version -value "SDK v2014.4" -context "software_version_and_target_device"
# webtalk_add_data -client project -key build_version -value "2014.4" -context "software_version_and_target_device"
# webtalk_add_data -client project -key os_platform -value "amd64" -context "software_version_and_target_device"
# webtalk_add_data -client project -key registration_id -value "174134975_174134976_210701760_264" -context "software_version_and_target_device"
# webtalk_add_data -client project -key tool_flow -value "SDK" -context "software_version_and_target_device"
# webtalk_add_data -client project -key beta -value "false" -context "software_version_and_target_device"
# webtalk_add_data -client project -key route_design -value "NA" -context "software_version_and_target_device"
# webtalk_add_data -client project -key target_family -value "NA" -context "software_version_and_target_device"
# webtalk_add_data -client project -key target_device -value "NA" -context "software_version_and_target_device"
# webtalk_add_data -client project -key target_package -value "NA" -context "software_version_and_target_device"
# webtalk_add_data -client project -key target_speed -value "NA" -context "software_version_and_target_device"
# webtalk_add_data -client project -key random_id -value "oa8rodfvrprqm6b7btpn9358qv" -context "software_version_and_target_device"
# webtalk_add_data -client project -key project_id -value "2014.4_2" -context "software_version_and_target_device"
# webtalk_add_data -client project -key project_iteration -value "2" -context "software_version_and_target_device"
# webtalk_add_data -client project -key os_name -value "Microsoft Windows 8 or later , 64-bit" -context "user_environment"
# webtalk_add_data -client project -key os_release -value "major release  (build 9200)" -context "user_environment"
# webtalk_add_data -client project -key cpu_name -value "Intel(R) Core(TM) i5-4670 CPU @ 3.40GHz" -context "user_environment"
# webtalk_add_data -client project -key cpu_speed -value "3392 MHz" -context "user_environment"
# webtalk_add_data -client project -key total_processors -value "1" -context "user_environment"
# webtalk_add_data -client project -key system_ram -value "17.000 GB" -context "user_environment"
# webtalk_register_client -client sdk
# webtalk_add_data -client sdk -key uid -value "1585910591855" -context "sdk\\\\hardware/1585910591855"
# webtalk_add_data -client sdk -key isZynq -value "true" -context "sdk\\\\hardware/1585910591855"
# webtalk_add_data -client sdk -key Processors -value "2" -context "sdk\\\\hardware/1585910591855"
# webtalk_add_data -client sdk -key VivadoVersion -value "2014.4" -context "sdk\\\\hardware/1585910591855"
# webtalk_add_data -client sdk -key Arch -value "zynq" -context "sdk\\\\hardware/1585910591855"
# webtalk_add_data -client sdk -key Device -value "7z045" -context "sdk\\\\hardware/1585910591855"
# webtalk_add_data -client sdk -key IsHandoff -value "true" -context "sdk\\\\hardware/1585910591855"
# webtalk_add_data -client sdk -key uid -value "1585911131146" -context "sdk\\\\bsp/1585911131146"
# webtalk_add_data -client sdk -key hwid -value "1585910591855" -context "sdk\\\\bsp/1585911131146"
# webtalk_add_data -client sdk -key os -value "standalone" -context "sdk\\\\bsp/1585911131146"
# webtalk_add_data -client sdk -key apptemplate -value "empty_application" -context "sdk\\\\bsp/1585911131146"
# webtalk_add_data -client sdk -key uid -value "1585911134978" -context "sdk\\\\application/1585911134978"
# webtalk_add_data -client sdk -key hwid -value "1585910591855" -context "sdk\\\\application/1585911134978"
# webtalk_add_data -client sdk -key bspid -value "1585911131146" -context "sdk\\\\application/1585911134978"
# webtalk_add_data -client sdk -key newbsp -value "true" -context "sdk\\\\application/1585911134978"
# webtalk_add_data -client sdk -key os -value "standalone" -context "sdk\\\\application/1585911134978"
# webtalk_add_data -client sdk -key apptemplate -value "empty_application" -context "sdk\\\\application/1585911134978"
# webtalk_transmit -clientid 2337412896 -regid "174134975_174134976_210701760_264" -xml C:\\Users\\Jeon\\Desktop\\OpenSSD2-8C8W-16K_14.4\\openssd-hynix-16k-prj-viv14_4\\OpenSSD2.sdk\\webtalk\\usage_statistics_ext_sdk.xml -html C:\\Users\\Jeon\\Desktop\\OpenSSD2-8C8W-16K_14.4\\openssd-hynix-16k-prj-viv14_4\\OpenSSD2.sdk\\webtalk\\usage_statistics_ext_sdk.html -wdm C:\\Users\\Jeon\\Desktop\\OpenSSD2-8C8W-16K_14.4\\openssd-hynix-16k-prj-viv14_4\\OpenSSD2.sdk\\webtalk\\sdk_webtalk.wdm -intro "<H3>SDK Usage Report</H3><BR>"

    while executing
"webtalk_transmit -clientid 2337412896 -regid "174134975_174134976_210701760_264" -xml C:\\Users\\Jeon\\Desktop\\OpenSSD2-8C8W-16K_14.4\\openssd-hynix-..."
    (file "sdk_webtalk.tcl" line 42)
INFO: [Common 17-206] Exiting Webtalk at Fri Apr 03 20:10:20 2020...
